Arguments: 
  /opt/homebrew/Cellar/node/18.6.0/bin/node /opt/homebrew/bin/yarn init

PATH: 
  /usr/local/opt/node@16/bin:/usr/local/opt/node@14/bin:/usr/local/opt/node@16/bin:/Users/abraxas/opt/anaconda3/bin:/usr/local/opt/node@16/bin:/usr/local/opt/node@14/bin:/usr/local/opt/node@16/bin:/Users/abraxas/opt/anaconda3/bin:/opt/homebrew/bin:/opt/homebrew/sbin:/usr/local/bin:/usr/bin:/bin:/usr/sbin:/sbin:/usr/local/go/bin:/Library/Apple/usr/bin:/opt/homebrew/bin

Yarn version: 
  1.22.19

Node version: 
  18.6.0

Platform: 
  darwin arm64

Trace: 
  Error: canceled
      at Interface.<anonymous> (/opt/homebrew/lib/node_modules/yarn/lib/cli.js:137150:13)
      at Interface.emit (node:events:513:28)
      at [_ttyWrite] [as _ttyWrite] (node:internal/readline/interface:1124:18)
      at ReadStream.onkeypress (node:internal/readline/interface:273:20)
      at ReadStream.emit (node:events:513:28)
      at emitKeys (node:internal/readline/utils:357:14)
      at emitKeys.next (<anonymous>)
      at ReadStream.onData (node:internal/readline/emitKeypressEvents:64:36)
      at ReadStream.emit (node:events:513:28)
      at addChunk (node:internal/streams/readable:324:12)

npm manifest: 
  No manifest

yarn manifest: 
  No manifest

Lockfile: 
  No lockfile
